<?xml version="1.0" encoding="UTF-8"?>
<!-- Generated by org.testng.reporters.JUnitReportReporter -->
<testsuite hostname="HP" failures="0" tests="1" name="testscript.HomePageTest" time="3.472" errors="0" timestamp="2025-08-18T12:45:37 IST" skipped="0">
  <testcase classname="testscript.HomePageTest" name="logoutMethods" time="3.472"/>
</testsuite> <!-- testscript.HomePageTest -->
