<?xml version="1.0" encoding="UTF-8"?>
<!-- Generated by org.testng.reporters.JUnitReportReporter -->
<testsuite hostname="HP" failures="0" tests="1" name="testscript.LogOutTest" time="4.665" errors="0" timestamp="2025-08-14T11:19:13 IST" skipped="0">
  <testcase classname="testscript.LogOutTest" name="verifyUserCanLogOut" time="4.665"/>
</testsuite> <!-- testscript.LogOutTest -->
