<?xml version="1.0" encoding="UTF-8"?>
<!-- Generated by org.testng.reporters.JUnitReportReporter -->
<testsuite hostname="HP" failures="0" tests="1" name="testscript.HomePageTest" time="5.447" errors="0" timestamp="2025-08-20T22:56:42 IST" skipped="0">
  <testcase classname="testscript.HomePageTest" name="logoutMethods" time="5.447"/>
</testsuite> <!-- testscript.HomePageTest -->
