<?xml version="1.0" encoding="UTF-8"?>
<!-- Generated by org.testng.reporters.JUnitReportReporter -->
<testsuite hostname="HP" failures="0" tests="1" name="testscript.AdminUserTest" time="7.329" errors="0" timestamp="2025-08-22T22:30:27 IST" skipped="0">
  <testcase classname="testscript.AdminUserTest" name="adminUserMethods" time="7.329"/>
</testsuite> <!-- testscript.AdminUserTest -->
