<?xml version="1.0" encoding="UTF-8"?>
<!-- Generated by org.testng.reporters.JUnitReportReporter -->
<testsuite hostname="HP" failures="0" tests="1" name="testscript.ManageCategoryTest" time="8.670" errors="0" timestamp="2025-08-22T22:34:44 IST" skipped="0">
  <testcase classname="testscript.ManageCategoryTest" name="manageCategoryMethods" time="8.670"/>
</testsuite> <!-- testscript.ManageCategoryTest -->
