<?xml version="1.0" encoding="UTF-8"?>
<!-- Generated by org.testng.reporters.JUnitReportReporter -->
<testsuite hostname="HP" failures="0" tests="1" name="testscript.AdminUserTest" time="3.510" errors="0" timestamp="2025-08-18T20:59:08 IST" skipped="0">
  <testcase classname="testscript.AdminUserTest" name="adminUserMethods" time="3.510"/>
</testsuite> <!-- testscript.AdminUserTest -->
