<?xml version="1.0" encoding="UTF-8"?>
<!-- Generated by org.testng.reporters.JUnitReportReporter -->
<testsuite hostname="HP" failures="0" tests="1" name="testscript.ManageNewsTest" time="6.135" errors="0" timestamp="2025-08-20T22:54:35 IST" skipped="0">
  <testcase classname="testscript.ManageNewsTest" name="manageNewsMethods" time="6.135"/>
</testsuite> <!-- testscript.ManageNewsTest -->
