<?xml version="1.0" encoding="UTF-8"?>
<!-- Generated by org.testng.reporters.JUnitReportReporter -->
<testsuite hostname="HP" failures="0" tests="1" name="testscript.LoginPageTest" time="3.570" errors="0" timestamp="2025-08-18T20:59:08 IST" skipped="0">
  <testcase classname="testscript.LoginPageTest" name="verifyUserCanAbleToLoginCorrectUsernameAndPassword" time="3.570"/>
</testsuite> <!-- testscript.LoginPageTest -->
