<?xml version="1.0" encoding="UTF-8"?>
<!-- Generated by org.testng.reporters.JUnitReportReporter -->
<testsuite hostname="HP" failures="0" tests="1" name="testscript.AdminUserTest" time="4.047" errors="0" timestamp="2025-08-18T12:45:37 IST" skipped="0">
  <testcase classname="testscript.AdminUserTest" name="adminUserMethods" time="4.047"/>
</testsuite> <!-- testscript.AdminUserTest -->
