<?xml version="1.0" encoding="UTF-8"?>
<!-- Generated by org.testng.reporters.JUnitReportReporter -->
<testsuite hostname="HP" failures="0" tests="1" name="testscript.LoginPageTest" time="4.066" errors="0" timestamp="2025-08-18T12:45:37 IST" skipped="0">
  <testcase classname="testscript.LoginPageTest" name="verifyUserCanAbleToLoginCorrectUsernameAndPassword" time="4.066"/>
</testsuite> <!-- testscript.LoginPageTest -->
