<?xml version="1.0" encoding="UTF-8"?>
<!-- Generated by org.testng.reporters.JUnitReportReporter -->
<testsuite hostname="HP" failures="0" tests="1" name="testscript.LoginPageTest" time="4.515" errors="0" timestamp="2025-08-21T20:24:38 IST" skipped="0">
  <testcase classname="testscript.LoginPageTest" name="verifyUserCanAbleToLoginCorrectUsernameAndInCorrectPassword" time="4.515"/>
</testsuite> <!-- testscript.LoginPageTest -->
